c:\users\gosh_\desktop\programming\projects\c++\raylib\bulletfun\build\debug\raylib.dll
c:\users\gosh_\desktop\programming\projects\c++\raylib\bulletfun\build\bulletfun.dir\debug\vc143.pdb
c:\users\gosh_\desktop\programming\projects\c++\raylib\bulletfun\build\bulletfun.dir\debug\terraincollisiondetection.obj
c:\users\gosh_\desktop\programming\projects\c++\raylib\bulletfun\build\bulletfun.dir\debug\tilemap.obj
c:\users\gosh_\desktop\programming\projects\c++\raylib\bulletfun\build\bulletfun.dir\debug\slash.obj
c:\users\gosh_\desktop\programming\projects\c++\raylib\bulletfun\build\bulletfun.dir\debug\skillpickup.obj
c:\users\gosh_\desktop\programming\projects\c++\raylib\bulletfun\build\bulletfun.dir\debug\skillbar.obj
c:\users\gosh_\desktop\programming\projects\c++\raylib\bulletfun\build\bulletfun.dir\debug\powerup.obj
c:\users\gosh_\desktop\programming\projects\c++\raylib\bulletfun\build\bulletfun.dir\debug\levelup.obj
c:\users\gosh_\desktop\programming\projects\c++\raylib\bulletfun\build\bulletfun.dir\debug\flamethrower.obj
c:\users\gosh_\desktop\programming\projects\c++\raylib\bulletfun\build\bulletfun.dir\debug\characterselection.obj
c:\users\gosh_\desktop\programming\projects\c++\raylib\bulletfun\build\bulletfun.dir\debug\background.obj
c:\users\gosh_\desktop\programming\projects\c++\raylib\bulletfun\build\bulletfun.dir\debug\auradmg.obj
c:\users\gosh_\desktop\programming\projects\c++\raylib\bulletfun\build\bulletfun.dir\debug\abilitymanager.obj
c:\users\gosh_\desktop\programming\projects\c++\raylib\bulletfun\build\bulletfun.dir\debug\slime.obj
c:\users\gosh_\desktop\programming\projects\c++\raylib\bulletfun\build\bulletfun.dir\debug\grunt.obj
c:\users\gosh_\desktop\programming\projects\c++\raylib\bulletfun\build\bulletfun.dir\debug\archer.obj
c:\users\gosh_\desktop\programming\projects\c++\raylib\bulletfun\build\bulletfun.dir\debug\bullet.obj
c:\users\gosh_\desktop\programming\projects\c++\raylib\bulletfun\build\bulletfun.dir\debug\enemyspawner.obj
c:\users\gosh_\desktop\programming\projects\c++\raylib\bulletfun\build\bulletfun.dir\debug\enemy.obj
c:\users\gosh_\desktop\programming\projects\c++\raylib\bulletfun\build\bulletfun.dir\debug\player.obj
c:\users\gosh_\desktop\programming\projects\c++\raylib\bulletfun\build\bulletfun.dir\debug\main.obj
c:\users\gosh_\desktop\programming\projects\c++\raylib\bulletfun\build\bulletfun.dir\debug\imgui_demo.obj
c:\users\gosh_\desktop\programming\projects\c++\raylib\bulletfun\build\bulletfun.dir\debug\imgui_tables.obj
c:\users\gosh_\desktop\programming\projects\c++\raylib\bulletfun\build\bulletfun.dir\debug\imgui_draw.obj
c:\users\gosh_\desktop\programming\projects\c++\raylib\bulletfun\build\bulletfun.dir\debug\imgui_widgets.obj
c:\users\gosh_\desktop\programming\projects\c++\raylib\bulletfun\build\bulletfun.dir\debug\imgui.obj
c:\users\gosh_\desktop\programming\projects\c++\raylib\bulletfun\build\bulletfun.dir\debug\rlimgui.obj
c:\users\gosh_\desktop\programming\projects\c++\raylib\bulletfun\build\cmakefiles\generate.stamp
c:\users\gosh_\desktop\programming\projects\c++\raylib\bulletfun\build\debug\bulletfun.exe
c:\users\gosh_\desktop\programming\projects\c++\raylib\bulletfun\build\debug\bulletfun.pdb
c:\users\gosh_\desktop\programming\projects\c++\raylib\bulletfun\build\bulletfun.dir\debug\bulletfun.ilk
c:\users\gosh_\desktop\programming\projects\c++\raylib\bulletfun\build\bulletfun.dir\debug\bulletfun.tlog\bulletfun.write.1u.tlog
c:\users\gosh_\desktop\programming\projects\c++\raylib\bulletfun\build\bulletfun.dir\debug\bulletfun.tlog\cl.command.1.tlog
c:\users\gosh_\desktop\programming\projects\c++\raylib\bulletfun\build\bulletfun.dir\debug\bulletfun.tlog\cl.items.tlog
c:\users\gosh_\desktop\programming\projects\c++\raylib\bulletfun\build\bulletfun.dir\debug\bulletfun.tlog\cl.read.1.tlog
c:\users\gosh_\desktop\programming\projects\c++\raylib\bulletfun\build\bulletfun.dir\debug\bulletfun.tlog\cl.write.1.tlog
c:\users\gosh_\desktop\programming\projects\c++\raylib\bulletfun\build\bulletfun.dir\debug\bulletfun.tlog\custombuild.command.1.tlog
c:\users\gosh_\desktop\programming\projects\c++\raylib\bulletfun\build\bulletfun.dir\debug\bulletfun.tlog\custombuild.read.1.tlog
c:\users\gosh_\desktop\programming\projects\c++\raylib\bulletfun\build\bulletfun.dir\debug\bulletfun.tlog\custombuild.write.1.tlog
c:\users\gosh_\desktop\programming\projects\c++\raylib\bulletfun\build\bulletfun.dir\debug\bulletfun.tlog\link.command.1.tlog
c:\users\gosh_\desktop\programming\projects\c++\raylib\bulletfun\build\bulletfun.dir\debug\bulletfun.tlog\link.read.1.tlog
c:\users\gosh_\desktop\programming\projects\c++\raylib\bulletfun\build\bulletfun.dir\debug\bulletfun.tlog\link.secondary.1.tlog
c:\users\gosh_\desktop\programming\projects\c++\raylib\bulletfun\build\bulletfun.dir\debug\bulletfun.tlog\link.write.1.tlog
